procedure 2020-03-27 09:49:17,638 INFO [main] c.c.f.f.i.p.DefaultApplicationProvider [DefaultApplicationProvider.java:85] - App ID is set to procedure-activiti7 by app.id property from System Property
procedure 2020-03-27 09:49:17,640 INFO [main] c.c.f.f.i.p.DefaultServerProvider [DefaultServerProvider.java:108] - Environment is set to [dev] by JVM system property 'env'.
procedure 2020-03-27 09:49:17,656 WARN [main] c.c.f.a.i.DefaultMetaServerProvider [DefaultMetaServerProvider.java:39] - Could not find meta server address, because it is not available in neither (1) JVM system property 'apollo.meta', (2) OS env variable 'APOLLO_META' (3) property 'apollo.meta' from server.properties nor (4) property 'apollo.meta' from app.properties
procedure 2020-03-27 09:49:17,658 INFO [main] c.c.f.a.c.MetaDomainConsts [MetaDomainConsts.java:93] - Located meta server address http://10.100.10.48:8080/ for env DEV from com.ctrip.framework.apollo.core.internals.LegacyMetaServerProvider
procedure 2020-03-27 09:49:17,830 INFO [main] c.t.a.BootstrapSpringApplication [StartupInfoLogger.java:55] - Starting BootstrapSpringApplication on SHWP1TIANYI with PID 27844 (D:\codes\codes\tim-activiti\target\classes started by tianyi in D:\codes\codes\tim-activiti)
procedure 2020-03-27 09:49:17,831 INFO [main] c.t.a.BootstrapSpringApplication [SpringApplication.java:651] - No active profile set, falling back to default profiles: default
procedure 2020-03-27 09:49:18,723 INFO [main] o.s.c.s.PostProcessorRegistrationDelegate$BeanPostProcessorChecker [PostProcessorRegistrationDelegate.java:330] - Bean 'org.springframework.security.config.annotation.configuration.ObjectPostProcessorConfiguration' of type [org.springframework.security.config.annotation.configuration.ObjectPostProcessorConfiguration] is not eligible for getting processed by all BeanPostProcessors (for example: not eligible for auto-proxying)
procedure 2020-03-27 09:49:18,741 INFO [main] o.s.c.s.PostProcessorRegistrationDelegate$BeanPostProcessorChecker [PostProcessorRegistrationDelegate.java:330] - Bean 'objectPostProcessor' of type [org.springframework.security.config.annotation.configuration.AutowireBeanFactoryObjectPostProcessor] is not eligible for getting processed by all BeanPostProcessors (for example: not eligible for auto-proxying)
procedure 2020-03-27 09:49:18,744 INFO [main] o.s.c.s.PostProcessorRegistrationDelegate$BeanPostProcessorChecker [PostProcessorRegistrationDelegate.java:330] - Bean 'org.springframework.security.access.expression.method.DefaultMethodSecurityExpressionHandler@2cd62003' of type [org.springframework.security.access.expression.method.DefaultMethodSecurityExpressionHandler] is not eligible for getting processed by all BeanPostProcessors (for example: not eligible for auto-proxying)
procedure 2020-03-27 09:49:18,746 INFO [main] o.s.c.s.PostProcessorRegistrationDelegate$BeanPostProcessorChecker [PostProcessorRegistrationDelegate.java:330] - Bean 'org.activiti.spring.boot.ActivitiMethodSecurityAutoConfiguration$ActivitiMethodSecurityConfiguration' of type [org.activiti.spring.boot.ActivitiMethodSecurityAutoConfiguration$ActivitiMethodSecurityConfiguration$$EnhancerBySpringCGLIB$$82cd2a67] is not eligible for getting processed by all BeanPostProcessors (for example: not eligible for auto-proxying)
procedure 2020-03-27 09:49:18,753 INFO [main] o.s.c.s.PostProcessorRegistrationDelegate$BeanPostProcessorChecker [PostProcessorRegistrationDelegate.java:330] - Bean 'org.springframework.security.config.annotation.method.configuration.Jsr250MetadataSourceConfiguration' of type [org.springframework.security.config.annotation.method.configuration.Jsr250MetadataSourceConfiguration] is not eligible for getting processed by all BeanPostProcessors (for example: not eligible for auto-proxying)
procedure 2020-03-27 09:49:18,754 INFO [main] o.s.c.s.PostProcessorRegistrationDelegate$BeanPostProcessorChecker [PostProcessorRegistrationDelegate.java:330] - Bean 'jsr250MethodSecurityMetadataSource' of type [org.springframework.security.access.annotation.Jsr250MethodSecurityMetadataSource] is not eligible for getting processed by all BeanPostProcessors (for example: not eligible for auto-proxying)
procedure 2020-03-27 09:49:18,754 INFO [main] o.s.c.s.PostProcessorRegistrationDelegate$BeanPostProcessorChecker [PostProcessorRegistrationDelegate.java:330] - Bean 'methodSecurityMetadataSource' of type [org.springframework.security.access.method.DelegatingMethodSecurityMetadataSource] is not eligible for getting processed by all BeanPostProcessors (for example: not eligible for auto-proxying)
procedure 2020-03-27 09:49:18,960 INFO [main] o.s.b.w.e.t.TomcatWebServer [TomcatWebServer.java:92] - Tomcat initialized with port(s): 38080 (http)
procedure 2020-03-27 09:49:18,967 INFO [main] o.a.c.h.Http11NioProtocol [DirectJDKLog.java:173] - Initializing ProtocolHandler ["http-nio-38080"]
procedure 2020-03-27 09:49:18,967 INFO [main] o.a.c.c.StandardService [DirectJDKLog.java:173] - Starting service [Tomcat]
procedure 2020-03-27 09:49:18,968 INFO [main] o.a.c.c.StandardEngine [DirectJDKLog.java:173] - Starting Servlet engine: [Apache Tomcat/9.0.31]
procedure 2020-03-27 09:49:19,052 INFO [main] o.a.c.c.C.[.[.[/] [DirectJDKLog.java:173] - Initializing Spring embedded WebApplicationContext
procedure 2020-03-27 09:49:19,052 INFO [main] o.s.w.c.ContextLoader [ServletWebServerApplicationContext.java:284] - Root WebApplicationContext: initialization completed in 1196 ms
procedure 2020-03-27 09:49:19,086 INFO [main] o.s.b.a.s.s.UserDetailsServiceAutoConfiguration [UserDetailsServiceAutoConfiguration.java:86] - 

Using generated security password: a4114cb2-10d0-427d-b8a2-028d83b490a2

procedure 2020-03-27 09:49:19,147 INFO [main] o.s.s.c.ThreadPoolTaskExecutor [ExecutorConfigurationSupport.java:181] - Initializing ExecutorService 'applicationTaskExecutor'
procedure 2020-03-27 09:49:19,299 INFO [main] o.a.s.r.ResourceFinder [ResourceFinder.java:54] - The following process definition files will be deployed: [sendEmail.bpmn, superapi.bpmn]
procedure 2020-03-27 09:49:19,299 INFO [main] o.a.s.r.ResourceFinder [ResourceFinder.java:49] - No process extensions were found for auto-deployment in the location 'classpath:/processes/'
procedure 2020-03-27 09:49:19,449 INFO [main] o.a.e.i.c.ProcessEngineConfigurationImpl [ProcessEngineConfigurationImpl.java:1551] - Found 1 Process Engine Configurators in total:
procedure 2020-03-27 09:49:19,449 INFO [main] o.a.e.i.c.ProcessEngineConfigurationImpl [ProcessEngineConfigurationImpl.java:1553] - class org.activiti.spring.process.conf.ProcessExtensionsConfiguratorAutoConfiguration$$EnhancerBySpringCGLIB$$ff8da8c (priority:10000)
procedure 2020-03-27 09:49:19,449 INFO [main] o.a.e.i.c.ProcessEngineConfigurationImpl [ProcessEngineConfigurationImpl.java:1563] - Executing beforeInit() of class org.activiti.spring.process.conf.ProcessExtensionsConfiguratorAutoConfiguration$$EnhancerBySpringCGLIB$$ff8da8c (priority:10000)
procedure 2020-03-27 09:49:19,455 INFO [main] c.z.h.HikariDataSource [HikariDataSource.java:110] - HikariPool-1 - Starting...
procedure 2020-03-27 09:49:19,572 INFO [main] c.z.h.HikariDataSource [HikariDataSource.java:123] - HikariPool-1 - Start completed.
procedure 2020-03-27 09:49:19,968 INFO [main] o.a.e.i.c.ProcessEngineConfigurationImpl [ProcessEngineConfigurationImpl.java:1570] - Executing configure() of class org.activiti.spring.process.conf.ProcessExtensionsConfiguratorAutoConfiguration$$EnhancerBySpringCGLIB$$ff8da8c (priority:10000)
procedure 2020-03-27 09:49:19,994 INFO [main] o.a.e.i.ProcessEngineImpl [ProcessEngineImpl.java:74] - ProcessEngine default created
procedure 2020-03-27 09:49:19,995 INFO [main] o.a.e.i.a.DefaultAsyncJobExecutor [DefaultAsyncJobExecutor.java:169] - Starting up the default async job executor [org.activiti.spring.SpringAsyncExecutor].
procedure 2020-03-27 09:49:19,996 INFO [Thread-11] o.a.e.i.a.AcquireTimerJobsRunnable [AcquireTimerJobsRunnable.java:49] - {} starting to acquire async jobs due
procedure 2020-03-27 09:49:19,996 INFO [Thread-10] o.a.e.i.a.AcquireAsyncJobsDueRunnable [AcquireAsyncJobsDueRunnable.java:45] - {} starting to acquire async jobs due
procedure 2020-03-27 09:49:19,996 INFO [Thread-12] o.a.e.i.a.ResetExpiredJobsRunnable [ResetExpiredJobsRunnable.java:51] - {} starting to reset expired jobs
procedure 2020-03-27 09:49:20,177 WARN [main] o.s.s.o.p.t.s.JwtAccessTokenConverter [JwtAccessTokenConverter.java:302] - Unable to create an RSA verifier from verifierKey (ignoreable if using MAC)
procedure 2020-03-27 09:49:20,353 INFO [main] o.s.b.a.e.w.EndpointLinksResolver [EndpointLinksResolver.java:58] - Exposing 2 endpoint(s) beneath base path '/actuator'
procedure 2020-03-27 09:49:20,502 INFO [main] o.s.s.w.DefaultSecurityFilterChain [DefaultSecurityFilterChain.java:43] - Creating filter chain: any request, [org.springframework.security.web.context.request.async.WebAsyncManagerIntegrationFilter@6e068ac9, org.springframework.security.web.context.SecurityContextPersistenceFilter@ba4f370, org.springframework.security.web.header.HeaderWriterFilter@6c96403e, org.springframework.security.web.authentication.logout.LogoutFilter@3ea48c37, org.springframework.security.web.savedrequest.RequestCacheAwareFilter@7af0d91b, org.springframework.security.web.servletapi.SecurityContextHolderAwareRequestFilter@4cecc15a, org.springframework.security.web.authentication.AnonymousAuthenticationFilter@3d0352, org.springframework.security.web.session.SessionManagementFilter@d0b814d, org.springframework.security.web.access.ExceptionTranslationFilter@2a1e57c6]
procedure 2020-03-27 09:49:20,510 INFO [main] s.d.s.w.PropertySourcedRequestMappingHandlerMapping [PropertySourcedRequestMappingHandlerMapping.java:69] - Mapped URL path [/v2/api-docs] onto method [springfox.documentation.swagger2.web.Swagger2Controller#getDocumentation(String, HttpServletRequest)]
procedure 2020-03-27 09:49:20,953 INFO [main] s.d.s.w.p.DocumentationPluginsBootstrapper [DocumentationPluginsBootstrapper.java:160] - Context refreshed
procedure 2020-03-27 09:49:20,956 INFO [main] s.d.s.w.p.DocumentationPluginsBootstrapper [DocumentationPluginsBootstrapper.java:163] - Found 1 custom documentation plugin(s)
procedure 2020-03-27 09:49:20,972 INFO [main] s.d.s.w.s.ApiListingReferenceScanner [ApiListingReferenceScanner.java:41] - Scanning for api listing references
procedure 2020-03-27 09:49:21,092 INFO [main] o.a.s.AbstractActivitiSmartLifeCycle [AbstractActivitiSmartLifeCycle.java:66] - Starting...
procedure 2020-03-27 09:49:21,178 INFO [main] o.a.s.AbstractActivitiSmartLifeCycle [AbstractActivitiSmartLifeCycle.java:71] - Started.
procedure 2020-03-27 09:49:21,178 INFO [main] o.a.s.AbstractActivitiSmartLifeCycle [AbstractActivitiSmartLifeCycle.java:66] - Starting...
procedure 2020-03-27 09:49:21,196 INFO [main] o.a.s.AbstractActivitiSmartLifeCycle [AbstractActivitiSmartLifeCycle.java:71] - Started.
procedure 2020-03-27 09:49:21,206 INFO [main] o.a.c.h.Http11NioProtocol [DirectJDKLog.java:173] - Starting ProtocolHandler ["http-nio-38080"]
procedure 2020-03-27 09:49:21,221 INFO [main] o.s.b.w.e.t.TomcatWebServer [TomcatWebServer.java:204] - Tomcat started on port(s): 38080 (http) with context path ''
procedure 2020-03-27 09:49:21,224 INFO [main] c.t.a.BootstrapSpringApplication [StartupInfoLogger.java:61] - Started BootstrapSpringApplication in 3.849 seconds (JVM running for 4.518)
procedure 2020-03-27 09:49:24,860 INFO [http-nio-38080-exec-1] o.a.c.c.C.[.[.[/] [DirectJDKLog.java:173] - Initializing Spring DispatcherServlet 'dispatcherServlet'
procedure 2020-03-27 09:49:24,860 INFO [http-nio-38080-exec-1] o.s.w.s.DispatcherServlet [FrameworkServlet.java:525] - Initializing Servlet 'dispatcherServlet'
procedure 2020-03-27 09:49:24,865 INFO [http-nio-38080-exec-1] o.s.w.s.DispatcherServlet [FrameworkServlet.java:547] - Completed initialization in 5 ms
procedure 2020-03-27 09:49:25,246 ERROR [http-nio-38080-exec-1] c.t.a.e.GlobalExceptionHandler [GlobalExceptionHandler.java:43] - 【全局异常拦截】: ActivitiServiceException: 异常信息 definitionKey: superapi bussinessKey: 11 已经存在了 
procedure 2020-03-27 09:49:27,308 ERROR [http-nio-38080-exec-2] c.t.a.e.GlobalExceptionHandler [GlobalExceptionHandler.java:43] - 【全局异常拦截】: ActivitiServiceException: 异常信息 definitionKey: superapi bussinessKey: 11 已经存在了 
procedure 2020-03-27 09:49:29,117 ERROR [http-nio-38080-exec-3] c.t.a.e.GlobalExceptionHandler [GlobalExceptionHandler.java:43] - 【全局异常拦截】: ActivitiServiceException: 异常信息 definitionKey: superapi bussinessKey: 11 已经存在了 
